This file contains any messages produced by compilers while
running configure, to aid debugging if configure makes a mistake.

It was created by FULL-PACKAGE-NAME configure VERSION, which was
generated by GNU Autoconf 2.69.  Invocation command line was

  $ ./configure --no-create --no-recursion

## --------- ##
## Platform. ##
## --------- ##

hostname = oris.csie.ntu.edu.tw
uname -m = x86_64
uname -r = 12.4.0
uname -s = Darwin
uname -v = Darwin Kernel Version 12.4.0: Wed May  1 17:57:12 PDT 2013; root:xnu-2050.24.15~1/RELEASE_X86_64

/usr/bin/uname -p = i386
/bin/uname -X     = unknown

/bin/arch              = unknown
/usr/bin/arch -k       = unknown
/usr/convex/getsysinfo = unknown
/usr/bin/hostinfo      = Mach kernel version:
	 Darwin Kernel Version 12.4.0: Wed May  1 17:57:12 PDT 2013; root:xnu-2050.24.15~1/RELEASE_X86_64
Kernel configured for up to 16 processors.
8 processors are physically available.
16 processors are logically available.
Processor type: i486 (Intel 80486)
Processors active: 0 1 2 3 4 5 6 7 8 9 10 11 12 13 14 15
Primary memory available: 12.00 gigabytes
Default processor set: 218 tasks, 1343 threads, 16 processors
Load average: 3.85, Mach factor: 12.13
/bin/machine           = unknown
/usr/bin/oslevel       = unknown
/bin/universe          = unknown

PATH: /opt/local/bin
PATH: /opt/local/sbin
PATH: /Users/cshih/Library/Application Support/GoodSync
PATH: /opt/local/bin
PATH: /opt/local/sbin
PATH: /opt/local/bin
PATH: /opt/local/sbin
PATH: /opt/local/bin
PATH: /opt/local/sbin
PATH: /usr/share/java
PATH: /usr/java/j2re1.4.2/bin
PATH: /Users/cshih/opt/omnetpp/bin
PATH: /usr/local/mozilla
PATH: /Users/cshih/opt/bin
PATH: /usr/bin
PATH: /usr/sbin
PATH: /usr/local/mysql/bin
PATH: /usr/local/texlive/2011/bin/universal-darwin
PATH: /opt/kde/bin
PATH: /usr/bin
PATH: /usr/local/bin
PATH: /usr/bin/X11
PATH: /Users/cshih/opt/bin
PATH: /Users/cshih/.scripts
PATH: /bin
PATH: /sbin
PATH: /usr/bin
PATH: /usr/sbin
PATH: /usr/texbin
PATH: /usr/local/bin


## ----------- ##
## Core tests. ##
## ----------- ##

configure:2342: checking for a BSD-compatible install
configure:2410: result: /usr/bin/install -c
configure:2421: checking whether build environment is sane
configure:2476: result: yes
configure:2627: checking for a thread-safe mkdir -p
configure:2666: result: ./install-sh -c -d
configure:2673: checking for gawk
configure:2703: result: no
configure:2673: checking for mawk
configure:2703: result: no
configure:2673: checking for nawk
configure:2703: result: no
configure:2673: checking for awk
configure:2689: found /usr/bin/awk
configure:2700: result: awk
configure:2711: checking whether make sets $(MAKE)
configure:2733: result: yes
configure:2874: checking for g++
configure:2890: found /usr/bin/g++
configure:2901: result: g++
configure:2928: checking for C++ compiler version
configure:2937: g++ --version >&5
i686-apple-darwin11-llvm-g++-4.2 (GCC) 4.2.1 (Based on Apple Inc. build 5658) (LLVM build 2336.11.00)
Copyright (C) 2007 Free Software Foundation, Inc.
This is free software; see the source for copying conditions.  There is NO
warranty; not even for MERCHANTABILITY or FITNESS FOR A PARTICULAR PURPOSE.

configure:2948: $? = 0
configure:2937: g++ -v >&5
Using built-in specs.
Target: i686-apple-darwin11
Configured with: /private/var/tmp/llvmgcc42/llvmgcc42-2336.11~28/src/configure --disable-checking --enable-werror --prefix=/Applications/Xcode.app/Contents/Developer/usr/llvm-gcc-4.2 --mandir=/share/man --enable-languages=c,objc,c++,obj-c++ --program-prefix=llvm- --program-transform-name=/^[cg][^.-]*$/s/$/-4.2/ --with-slibdir=/usr/lib --build=i686-apple-darwin11 --enable-llvm=/private/var/tmp/llvmgcc42/llvmgcc42-2336.11~28/dst-llvmCore/Developer/usr/local --program-prefix=i686-apple-darwin11- --host=x86_64-apple-darwin11 --target=i686-apple-darwin11 --with-gxx-include-dir=/usr/include/c++/4.2.1
Thread model: posix
gcc version 4.2.1 (Based on Apple Inc. build 5658) (LLVM build 2336.11.00)
configure:2948: $? = 0
configure:2937: g++ -V >&5
llvm-g++-4.2: argument to `-V' is missing
configure:2948: $? = 1
configure:2937: g++ -qversion >&5
i686-apple-darwin11-llvm-g++-4.2: no input files
configure:2948: $? = 1
configure:2968: checking whether the C++ compiler works
configure:2990: g++    conftest.cpp  >&5
configure:2994: $? = 0
configure:3042: result: yes
configure:3045: checking for C++ compiler default output file name
configure:3047: result: a.out
configure:3053: checking for suffix of executables
configure:3060: g++ -o conftest    conftest.cpp  >&5
configure:3064: $? = 0
configure:3086: result: 
configure:3108: checking whether we are cross compiling
configure:3116: g++ -o conftest    conftest.cpp  >&5
configure:3120: $? = 0
configure:3127: ./conftest
configure:3131: $? = 0
configure:3146: result: no
configure:3151: checking for suffix of object files
configure:3173: g++ -c   conftest.cpp >&5
configure:3177: $? = 0
configure:3198: result: o
configure:3202: checking whether we are using the GNU C++ compiler
configure:3221: g++ -c   conftest.cpp >&5
configure:3221: $? = 0
configure:3230: result: yes
configure:3239: checking whether g++ accepts -g
configure:3259: g++ -c -g  conftest.cpp >&5
configure:3259: $? = 0
configure:3300: result: yes
configure:3334: checking for style of include used by make
configure:3362: result: GNU
configure:3388: checking dependency style of g++
configure:3499: result: gcc3
configure:3562: checking for gcc
configure:3578: found /usr/bin/gcc
configure:3589: result: gcc
configure:3818: checking for C compiler version
configure:3827: gcc --version >&5
i686-apple-darwin11-llvm-gcc-4.2 (GCC) 4.2.1 (Based on Apple Inc. build 5658) (LLVM build 2336.11.00)
Copyright (C) 2007 Free Software Foundation, Inc.
This is free software; see the source for copying conditions.  There is NO
warranty; not even for MERCHANTABILITY or FITNESS FOR A PARTICULAR PURPOSE.

configure:3838: $? = 0
configure:3827: gcc -v >&5
Using built-in specs.
Target: i686-apple-darwin11
Configured with: /private/var/tmp/llvmgcc42/llvmgcc42-2336.11~28/src/configure --disable-checking --enable-werror --prefix=/Applications/Xcode.app/Contents/Developer/usr/llvm-gcc-4.2 --mandir=/share/man --enable-languages=c,objc,c++,obj-c++ --program-prefix=llvm- --program-transform-name=/^[cg][^.-]*$/s/$/-4.2/ --with-slibdir=/usr/lib --build=i686-apple-darwin11 --enable-llvm=/private/var/tmp/llvmgcc42/llvmgcc42-2336.11~28/dst-llvmCore/Developer/usr/local --program-prefix=i686-apple-darwin11- --host=x86_64-apple-darwin11 --target=i686-apple-darwin11 --with-gxx-include-dir=/usr/include/c++/4.2.1
Thread model: posix
gcc version 4.2.1 (Based on Apple Inc. build 5658) (LLVM build 2336.11.00)
configure:3838: $? = 0
configure:3827: gcc -V >&5
llvm-gcc-4.2: argument to `-V' is missing
configure:3838: $? = 1
configure:3827: gcc -qversion >&5
i686-apple-darwin11-llvm-gcc-4.2: no input files
configure:3838: $? = 1
configure:3842: checking whether we are using the GNU C compiler
configure:3861: gcc -c   conftest.c >&5
configure:3861: $? = 0
configure:3870: result: yes
configure:3879: checking whether gcc accepts -g
configure:3899: gcc -c -g  conftest.c >&5
configure:3899: $? = 0
configure:3940: result: yes
configure:3957: checking for gcc option to accept ISO C89
configure:4020: gcc  -c -g -O2  conftest.c >&5
configure:4020: $? = 0
configure:4033: result: none needed
configure:4055: checking dependency style of gcc
configure:4166: result: gcc3
configure:4185: checking for main in -lqmfconsole
configure:4204: gcc -o conftest -g -O2   conftest.c -lqmfconsole   >&5
ld: library not found for -lqmfconsole
collect2: ld returned 1 exit status
configure:4204: $? = 1
configure: failed program was:
| /* confdefs.h */
| #define PACKAGE_NAME "FULL-PACKAGE-NAME"
| #define PACKAGE_TARNAME "full-package-name"
| #define PACKAGE_VERSION "VERSION"
| #define PACKAGE_STRING "FULL-PACKAGE-NAME VERSION"
| #define PACKAGE_BUGREPORT "BUG-REPORT-ADDRESS"
| #define PACKAGE_URL ""
| #define PACKAGE "qpidrecovery"
| #define VERSION "0.0"
| /* end confdefs.h.  */
| 
| 
| int
| main ()
| {
| return main ();
|   ;
|   return 0;
| }
configure:4213: result: no
configure:4225: checking for main in -lqpidclient
configure:4244: gcc -o conftest -g -O2   conftest.c -lqpidclient   >&5
ld: library not found for -lqpidclient
collect2: ld returned 1 exit status
configure:4244: $? = 1
configure: failed program was:
| /* confdefs.h */
| #define PACKAGE_NAME "FULL-PACKAGE-NAME"
| #define PACKAGE_TARNAME "full-package-name"
| #define PACKAGE_VERSION "VERSION"
| #define PACKAGE_STRING "FULL-PACKAGE-NAME VERSION"
| #define PACKAGE_BUGREPORT "BUG-REPORT-ADDRESS"
| #define PACKAGE_URL ""
| #define PACKAGE "qpidrecovery"
| #define VERSION "0.0"
| /* end confdefs.h.  */
| 
| 
| int
| main ()
| {
| return main ();
|   ;
|   return 0;
| }
configure:4253: result: no
configure:4265: checking for main in -lqpidcommon
configure:4284: gcc -o conftest -g -O2   conftest.c -lqpidcommon   >&5
ld: library not found for -lqpidcommon
collect2: ld returned 1 exit status
configure:4284: $? = 1
configure: failed program was:
| /* confdefs.h */
| #define PACKAGE_NAME "FULL-PACKAGE-NAME"
| #define PACKAGE_TARNAME "full-package-name"
| #define PACKAGE_VERSION "VERSION"
| #define PACKAGE_STRING "FULL-PACKAGE-NAME VERSION"
| #define PACKAGE_BUGREPORT "BUG-REPORT-ADDRESS"
| #define PACKAGE_URL ""
| #define PACKAGE "qpidrecovery"
| #define VERSION "0.0"
| /* end confdefs.h.  */
| 
| 
| int
| main ()
| {
| return main ();
|   ;
|   return 0;
| }
configure:4293: result: no
configure:4305: checking for main in -lqpidmessaging
configure:4324: gcc -o conftest -g -O2   conftest.c -lqpidmessaging   >&5
ld: library not found for -lqpidmessaging
collect2: ld returned 1 exit status
configure:4324: $? = 1
configure: failed program was:
| /* confdefs.h */
| #define PACKAGE_NAME "FULL-PACKAGE-NAME"
| #define PACKAGE_TARNAME "full-package-name"
| #define PACKAGE_VERSION "VERSION"
| #define PACKAGE_STRING "FULL-PACKAGE-NAME VERSION"
| #define PACKAGE_BUGREPORT "BUG-REPORT-ADDRESS"
| #define PACKAGE_URL ""
| #define PACKAGE "qpidrecovery"
| #define VERSION "0.0"
| /* end confdefs.h.  */
| 
| 
| int
| main ()
| {
| return main ();
|   ;
|   return 0;
| }
configure:4333: result: no
configure:4345: checking for main in -lqpidtypes
configure:4364: gcc -o conftest -g -O2   conftest.c -lqpidtypes   >&5
ld: library not found for -lqpidtypes
collect2: ld returned 1 exit status
configure:4364: $? = 1
configure: failed program was:
| /* confdefs.h */
| #define PACKAGE_NAME "FULL-PACKAGE-NAME"
| #define PACKAGE_TARNAME "full-package-name"
| #define PACKAGE_VERSION "VERSION"
| #define PACKAGE_STRING "FULL-PACKAGE-NAME VERSION"
| #define PACKAGE_BUGREPORT "BUG-REPORT-ADDRESS"
| #define PACKAGE_URL ""
| #define PACKAGE "qpidrecovery"
| #define VERSION "0.0"
| /* end confdefs.h.  */
| 
| 
| int
| main ()
| {
| return main ();
|   ;
|   return 0;
| }
configure:4373: result: no
configure:4391: checking how to run the C preprocessor
configure:4422: gcc -E  conftest.c
configure:4422: $? = 0
configure:4436: gcc -E  conftest.c
conftest.c:11:28: error: ac_nonexistent.h: No such file or directory
configure:4436: $? = 1
configure: failed program was:
| /* confdefs.h */
| #define PACKAGE_NAME "FULL-PACKAGE-NAME"
| #define PACKAGE_TARNAME "full-package-name"
| #define PACKAGE_VERSION "VERSION"
| #define PACKAGE_STRING "FULL-PACKAGE-NAME VERSION"
| #define PACKAGE_BUGREPORT "BUG-REPORT-ADDRESS"
| #define PACKAGE_URL ""
| #define PACKAGE "qpidrecovery"
| #define VERSION "0.0"
| /* end confdefs.h.  */
| #include <ac_nonexistent.h>
configure:4461: result: gcc -E
configure:4481: gcc -E  conftest.c
configure:4481: $? = 0
configure:4495: gcc -E  conftest.c
conftest.c:11:28: error: ac_nonexistent.h: No such file or directory
configure:4495: $? = 1
configure: failed program was:
| /* confdefs.h */
| #define PACKAGE_NAME "FULL-PACKAGE-NAME"
| #define PACKAGE_TARNAME "full-package-name"
| #define PACKAGE_VERSION "VERSION"
| #define PACKAGE_STRING "FULL-PACKAGE-NAME VERSION"
| #define PACKAGE_BUGREPORT "BUG-REPORT-ADDRESS"
| #define PACKAGE_URL ""
| #define PACKAGE "qpidrecovery"
| #define VERSION "0.0"
| /* end confdefs.h.  */
| #include <ac_nonexistent.h>
configure:4524: checking for grep that handles long lines and -e
configure:4582: result: /usr/bin/grep
configure:4587: checking for egrep
configure:4649: result: /usr/bin/grep -E
configure:4654: checking for ANSI C header files
configure:4674: gcc -c -g -O2  conftest.c >&5
configure:4674: $? = 0
configure:4747: gcc -o conftest -g -O2   conftest.c  >&5
configure:4747: $? = 0
configure:4747: ./conftest
configure:4747: $? = 0
configure:4758: result: yes
configure:4771: checking for sys/types.h
configure:4771: gcc -c -g -O2  conftest.c >&5
configure:4771: $? = 0
configure:4771: result: yes
configure:4771: checking for sys/stat.h
configure:4771: gcc -c -g -O2  conftest.c >&5
configure:4771: $? = 0
configure:4771: result: yes
configure:4771: checking for stdlib.h
configure:4771: gcc -c -g -O2  conftest.c >&5
configure:4771: $? = 0
configure:4771: result: yes
configure:4771: checking for string.h
configure:4771: gcc -c -g -O2  conftest.c >&5
configure:4771: $? = 0
configure:4771: result: yes
configure:4771: checking for memory.h
configure:4771: gcc -c -g -O2  conftest.c >&5
configure:4771: $? = 0
configure:4771: result: yes
configure:4771: checking for strings.h
configure:4771: gcc -c -g -O2  conftest.c >&5
configure:4771: $? = 0
configure:4771: result: yes
configure:4771: checking for inttypes.h
configure:4771: gcc -c -g -O2  conftest.c >&5
configure:4771: $? = 0
configure:4771: result: yes
configure:4771: checking for stdint.h
configure:4771: gcc -c -g -O2  conftest.c >&5
configure:4771: $? = 0
configure:4771: result: yes
configure:4771: checking for unistd.h
configure:4771: gcc -c -g -O2  conftest.c >&5
configure:4771: $? = 0
configure:4771: result: yes
configure:4786: checking arpa/inet.h usability
configure:4786: gcc -c -g -O2  conftest.c >&5
configure:4786: $? = 0
configure:4786: result: yes
configure:4786: checking arpa/inet.h presence
configure:4786: gcc -E  conftest.c
configure:4786: $? = 0
configure:4786: result: yes
configure:4786: checking for arpa/inet.h
configure:4786: result: yes
configure:4786: checking fcntl.h usability
configure:4786: gcc -c -g -O2  conftest.c >&5
configure:4786: $? = 0
configure:4786: result: yes
configure:4786: checking fcntl.h presence
configure:4786: gcc -E  conftest.c
configure:4786: $? = 0
configure:4786: result: yes
configure:4786: checking for fcntl.h
configure:4786: result: yes
configure:4786: checking for memory.h
configure:4786: result: yes
configure:4786: checking netdb.h usability
configure:4786: gcc -c -g -O2  conftest.c >&5
configure:4786: $? = 0
configure:4786: result: yes
configure:4786: checking netdb.h presence
configure:4786: gcc -E  conftest.c
configure:4786: $? = 0
configure:4786: result: yes
configure:4786: checking for netdb.h
configure:4786: result: yes
configure:4786: checking netinet/in.h usability
configure:4786: gcc -c -g -O2  conftest.c >&5
configure:4786: $? = 0
configure:4786: result: yes
configure:4786: checking netinet/in.h presence
configure:4786: gcc -E  conftest.c
configure:4786: $? = 0
configure:4786: result: yes
configure:4786: checking for netinet/in.h
configure:4786: result: yes
configure:4786: checking for stdlib.h
configure:4786: result: yes
configure:4786: checking for string.h
configure:4786: result: yes
configure:4786: checking sys/file.h usability
configure:4786: gcc -c -g -O2  conftest.c >&5
configure:4786: $? = 0
configure:4786: result: yes
configure:4786: checking sys/file.h presence
configure:4786: gcc -E  conftest.c
configure:4786: $? = 0
configure:4786: result: yes
configure:4786: checking for sys/file.h
configure:4786: result: yes
configure:4786: checking sys/ioctl.h usability
configure:4786: gcc -c -g -O2  conftest.c >&5
configure:4786: $? = 0
configure:4786: result: yes
configure:4786: checking sys/ioctl.h presence
configure:4786: gcc -E  conftest.c
configure:4786: $? = 0
configure:4786: result: yes
configure:4786: checking for sys/ioctl.h
configure:4786: result: yes
configure:4786: checking sys/param.h usability
configure:4786: gcc -c -g -O2  conftest.c >&5
configure:4786: $? = 0
configure:4786: result: yes
configure:4786: checking sys/param.h presence
configure:4786: gcc -E  conftest.c
configure:4786: $? = 0
configure:4786: result: yes
configure:4786: checking for sys/param.h
configure:4786: result: yes
configure:4786: checking sys/socket.h usability
configure:4786: gcc -c -g -O2  conftest.c >&5
configure:4786: $? = 0
configure:4786: result: yes
configure:4786: checking sys/socket.h presence
configure:4786: gcc -E  conftest.c
configure:4786: $? = 0
configure:4786: result: yes
configure:4786: checking for sys/socket.h
configure:4786: result: yes
configure:4786: checking sys/time.h usability
configure:4786: gcc -c -g -O2  conftest.c >&5
configure:4786: $? = 0
configure:4786: result: yes
configure:4786: checking sys/time.h presence
configure:4786: gcc -E  conftest.c
configure:4786: $? = 0
configure:4786: result: yes
configure:4786: checking for sys/time.h
configure:4786: result: yes
configure:4786: checking for unistd.h
configure:4786: result: yes
configure:4798: checking for stdbool.h that conforms to C99
configure:4865: gcc -c -g -O2  conftest.c >&5
configure:4865: $? = 0
configure:4872: result: yes
configure:4874: checking for _Bool
configure:4874: gcc -c -g -O2  conftest.c >&5
configure:4874: $? = 0
configure:4874: gcc -c -g -O2  conftest.c >&5
conftest.c: In function 'main':
conftest.c:70: error: expected expression before ')' token
configure:4874: $? = 1
configure: failed program was:
| /* confdefs.h */
| #define PACKAGE_NAME "FULL-PACKAGE-NAME"
| #define PACKAGE_TARNAME "full-package-name"
| #define PACKAGE_VERSION "VERSION"
| #define PACKAGE_STRING "FULL-PACKAGE-NAME VERSION"
| #define PACKAGE_BUGREPORT "BUG-REPORT-ADDRESS"
| #define PACKAGE_URL ""
| #define PACKAGE "qpidrecovery"
| #define VERSION "0.0"
| #define STDC_HEADERS 1
| #define HAVE_SYS_TYPES_H 1
| #define HAVE_SYS_STAT_H 1
| #define HAVE_STDLIB_H 1
| #define HAVE_STRING_H 1
| #define HAVE_MEMORY_H 1
| #define HAVE_STRINGS_H 1
| #define HAVE_INTTYPES_H 1
| #define HAVE_STDINT_H 1
| #define HAVE_UNISTD_H 1
| #define HAVE_ARPA_INET_H 1
| #define HAVE_FCNTL_H 1
| #define HAVE_MEMORY_H 1
| #define HAVE_NETDB_H 1
| #define HAVE_NETINET_IN_H 1
| #define HAVE_STDLIB_H 1
| #define HAVE_STRING_H 1
| #define HAVE_SYS_FILE_H 1
| #define HAVE_SYS_IOCTL_H 1
| #define HAVE_SYS_PARAM_H 1
| #define HAVE_SYS_SOCKET_H 1
| #define HAVE_SYS_TIME_H 1
| #define HAVE_UNISTD_H 1
| /* end confdefs.h.  */
| #include <stdio.h>
| #ifdef HAVE_SYS_TYPES_H
| # include <sys/types.h>
| #endif
| #ifdef HAVE_SYS_STAT_H
| # include <sys/stat.h>
| #endif
| #ifdef STDC_HEADERS
| # include <stdlib.h>
| # include <stddef.h>
| #else
| # ifdef HAVE_STDLIB_H
| #  include <stdlib.h>
| # endif
| #endif
| #ifdef HAVE_STRING_H
| # if !defined STDC_HEADERS && defined HAVE_MEMORY_H
| #  include <memory.h>
| # endif
| # include <string.h>
| #endif
| #ifdef HAVE_STRINGS_H
| # include <strings.h>
| #endif
| #ifdef HAVE_INTTYPES_H
| # include <inttypes.h>
| #endif
| #ifdef HAVE_STDINT_H
| # include <stdint.h>
| #endif
| #ifdef HAVE_UNISTD_H
| # include <unistd.h>
| #endif
| int
| main ()
| {
| if (sizeof ((_Bool)))
| 	    return 0;
|   ;
|   return 0;
| }
configure:4874: result: yes
configure:4885: checking for inline
configure:4901: gcc -c -g -O2  conftest.c >&5
configure:4901: $? = 0
configure:4909: result: inline
configure:4927: checking for pid_t
configure:4927: gcc -c -g -O2  conftest.c >&5
configure:4927: $? = 0
configure:4927: gcc -c -g -O2  conftest.c >&5
conftest.c: In function 'main':
conftest.c:71: error: expected expression before ')' token
configure:4927: $? = 1
configure: failed program was:
| /* confdefs.h */
| #define PACKAGE_NAME "FULL-PACKAGE-NAME"
| #define PACKAGE_TARNAME "full-package-name"
| #define PACKAGE_VERSION "VERSION"
| #define PACKAGE_STRING "FULL-PACKAGE-NAME VERSION"
| #define PACKAGE_BUGREPORT "BUG-REPORT-ADDRESS"
| #define PACKAGE_URL ""
| #define PACKAGE "qpidrecovery"
| #define VERSION "0.0"
| #define STDC_HEADERS 1
| #define HAVE_SYS_TYPES_H 1
| #define HAVE_SYS_STAT_H 1
| #define HAVE_STDLIB_H 1
| #define HAVE_STRING_H 1
| #define HAVE_MEMORY_H 1
| #define HAVE_STRINGS_H 1
| #define HAVE_INTTYPES_H 1
| #define HAVE_STDINT_H 1
| #define HAVE_UNISTD_H 1
| #define HAVE_ARPA_INET_H 1
| #define HAVE_FCNTL_H 1
| #define HAVE_MEMORY_H 1
| #define HAVE_NETDB_H 1
| #define HAVE_NETINET_IN_H 1
| #define HAVE_STDLIB_H 1
| #define HAVE_STRING_H 1
| #define HAVE_SYS_FILE_H 1
| #define HAVE_SYS_IOCTL_H 1
| #define HAVE_SYS_PARAM_H 1
| #define HAVE_SYS_SOCKET_H 1
| #define HAVE_SYS_TIME_H 1
| #define HAVE_UNISTD_H 1
| #define HAVE__BOOL 1
| /* end confdefs.h.  */
| #include <stdio.h>
| #ifdef HAVE_SYS_TYPES_H
| # include <sys/types.h>
| #endif
| #ifdef HAVE_SYS_STAT_H
| # include <sys/stat.h>
| #endif
| #ifdef STDC_HEADERS
| # include <stdlib.h>
| # include <stddef.h>
| #else
| # ifdef HAVE_STDLIB_H
| #  include <stdlib.h>
| # endif
| #endif
| #ifdef HAVE_STRING_H
| # if !defined STDC_HEADERS && defined HAVE_MEMORY_H
| #  include <memory.h>
| # endif
| # include <string.h>
| #endif
| #ifdef HAVE_STRINGS_H
| # include <strings.h>
| #endif
| #ifdef HAVE_INTTYPES_H
| # include <inttypes.h>
| #endif
| #ifdef HAVE_STDINT_H
| # include <stdint.h>
| #endif
| #ifdef HAVE_UNISTD_H
| # include <unistd.h>
| #endif
| int
| main ()
| {
| if (sizeof ((pid_t)))
| 	    return 0;
|   ;
|   return 0;
| }
configure:4927: result: yes
configure:4938: checking for uint16_t
configure:4938: gcc -c -g -O2  conftest.c >&5
configure:4938: $? = 0
configure:4938: result: yes
configure:4954: checking vfork.h usability
configure:4954: gcc -c -g -O2  conftest.c >&5
conftest.c:68:19: error: vfork.h: No such file or directory
configure:4954: $? = 1
configure: failed program was:
| /* confdefs.h */
| #define PACKAGE_NAME "FULL-PACKAGE-NAME"
| #define PACKAGE_TARNAME "full-package-name"
| #define PACKAGE_VERSION "VERSION"
| #define PACKAGE_STRING "FULL-PACKAGE-NAME VERSION"
| #define PACKAGE_BUGREPORT "BUG-REPORT-ADDRESS"
| #define PACKAGE_URL ""
| #define PACKAGE "qpidrecovery"
| #define VERSION "0.0"
| #define STDC_HEADERS 1
| #define HAVE_SYS_TYPES_H 1
| #define HAVE_SYS_STAT_H 1
| #define HAVE_STDLIB_H 1
| #define HAVE_STRING_H 1
| #define HAVE_MEMORY_H 1
| #define HAVE_STRINGS_H 1
| #define HAVE_INTTYPES_H 1
| #define HAVE_STDINT_H 1
| #define HAVE_UNISTD_H 1
| #define HAVE_ARPA_INET_H 1
| #define HAVE_FCNTL_H 1
| #define HAVE_MEMORY_H 1
| #define HAVE_NETDB_H 1
| #define HAVE_NETINET_IN_H 1
| #define HAVE_STDLIB_H 1
| #define HAVE_STRING_H 1
| #define HAVE_SYS_FILE_H 1
| #define HAVE_SYS_IOCTL_H 1
| #define HAVE_SYS_PARAM_H 1
| #define HAVE_SYS_SOCKET_H 1
| #define HAVE_SYS_TIME_H 1
| #define HAVE_UNISTD_H 1
| #define HAVE__BOOL 1
| /* end confdefs.h.  */
| #include <stdio.h>
| #ifdef HAVE_SYS_TYPES_H
| # include <sys/types.h>
| #endif
| #ifdef HAVE_SYS_STAT_H
| # include <sys/stat.h>
| #endif
| #ifdef STDC_HEADERS
| # include <stdlib.h>
| # include <stddef.h>
| #else
| # ifdef HAVE_STDLIB_H
| #  include <stdlib.h>
| # endif
| #endif
| #ifdef HAVE_STRING_H
| # if !defined STDC_HEADERS && defined HAVE_MEMORY_H
| #  include <memory.h>
| # endif
| # include <string.h>
| #endif
| #ifdef HAVE_STRINGS_H
| # include <strings.h>
| #endif
| #ifdef HAVE_INTTYPES_H
| # include <inttypes.h>
| #endif
| #ifdef HAVE_STDINT_H
| # include <stdint.h>
| #endif
| #ifdef HAVE_UNISTD_H
| # include <unistd.h>
| #endif
| #include <vfork.h>
configure:4954: result: no
configure:4954: checking vfork.h presence
configure:4954: gcc -E  conftest.c
conftest.c:35:19: error: vfork.h: No such file or directory
configure:4954: $? = 1
configure: failed program was:
| /* confdefs.h */
| #define PACKAGE_NAME "FULL-PACKAGE-NAME"
| #define PACKAGE_TARNAME "full-package-name"
| #define PACKAGE_VERSION "VERSION"
| #define PACKAGE_STRING "FULL-PACKAGE-NAME VERSION"
| #define PACKAGE_BUGREPORT "BUG-REPORT-ADDRESS"
| #define PACKAGE_URL ""
| #define PACKAGE "qpidrecovery"
| #define VERSION "0.0"
| #define STDC_HEADERS 1
| #define HAVE_SYS_TYPES_H 1
| #define HAVE_SYS_STAT_H 1
| #define HAVE_STDLIB_H 1
| #define HAVE_STRING_H 1
| #define HAVE_MEMORY_H 1
| #define HAVE_STRINGS_H 1
| #define HAVE_INTTYPES_H 1
| #define HAVE_STDINT_H 1
| #define HAVE_UNISTD_H 1
| #define HAVE_ARPA_INET_H 1
| #define HAVE_FCNTL_H 1
| #define HAVE_MEMORY_H 1
| #define HAVE_NETDB_H 1
| #define HAVE_NETINET_IN_H 1
| #define HAVE_STDLIB_H 1
| #define HAVE_STRING_H 1
| #define HAVE_SYS_FILE_H 1
| #define HAVE_SYS_IOCTL_H 1
| #define HAVE_SYS_PARAM_H 1
| #define HAVE_SYS_SOCKET_H 1
| #define HAVE_SYS_TIME_H 1
| #define HAVE_UNISTD_H 1
| #define HAVE__BOOL 1
| /* end confdefs.h.  */
| #include <vfork.h>
configure:4954: result: no
configure:4954: checking for vfork.h
configure:4954: result: no
configure:4967: checking for fork
configure:4967: gcc -o conftest -g -O2   conftest.c  >&5
conftest.c:58: warning: conflicting types for built-in function 'fork'
configure:4967: $? = 0
configure:4967: result: yes
configure:4967: checking for vfork
configure:4967: gcc -o conftest -g -O2   conftest.c  >&5
configure:4967: $? = 0
configure:4967: result: yes
configure:4977: checking for working fork
configure:4999: gcc -o conftest -g -O2   conftest.c  >&5
configure:4999: $? = 0
configure:4999: ./conftest
configure:4999: $? = 0
configure:5009: result: yes
configure:5030: checking for working vfork
configure:5140: result: yes
configure:5167: checking for stdlib.h
configure:5167: result: yes
configure:5177: checking for GNU libc compatible malloc
configure:5201: gcc -o conftest -g -O2   conftest.c  >&5
configure:5201: $? = 0
configure:5201: ./conftest
configure:5201: $? = 0
configure:5211: result: yes
configure:5234: checking for stdlib.h
configure:5234: result: yes
configure:5244: checking for GNU libc compatible realloc
configure:5268: gcc -o conftest -g -O2   conftest.c  >&5
configure:5268: $? = 0
configure:5268: ./conftest
configure:5268: $? = 0
configure:5278: result: yes
configure:5302: checking for dup2
configure:5302: gcc -o conftest -g -O2   conftest.c  >&5
configure:5302: $? = 0
configure:5302: result: yes
configure:5302: checking for gethostbyaddr
configure:5302: gcc -o conftest -g -O2   conftest.c  >&5
configure:5302: $? = 0
configure:5302: result: yes
configure:5302: checking for gethostbyname
configure:5302: gcc -o conftest -g -O2   conftest.c  >&5
configure:5302: $? = 0
configure:5302: result: yes
configure:5302: checking for gettimeofday
configure:5302: gcc -o conftest -g -O2   conftest.c  >&5
configure:5302: $? = 0
configure:5302: result: yes
configure:5302: checking for inet_ntoa
configure:5302: gcc -o conftest -g -O2   conftest.c  >&5
configure:5302: $? = 0
configure:5302: result: yes
configure:5302: checking for memset
configure:5302: gcc -o conftest -g -O2   conftest.c  >&5
conftest.c:71: warning: conflicting types for built-in function 'memset'
configure:5302: $? = 0
configure:5302: result: yes
configure:5302: checking for select
configure:5302: gcc -o conftest -g -O2   conftest.c  >&5
configure:5302: $? = 0
configure:5302: result: yes
configure:5302: checking for socket
configure:5302: gcc -o conftest -g -O2   conftest.c  >&5
configure:5302: $? = 0
configure:5302: result: yes
configure:5302: checking for strchr
configure:5302: gcc -o conftest -g -O2   conftest.c  >&5
conftest.c:74: warning: conflicting types for built-in function 'strchr'
configure:5302: $? = 0
configure:5302: result: yes
configure:5302: checking for strerror
configure:5302: gcc -o conftest -g -O2   conftest.c  >&5
configure:5302: $? = 0
configure:5302: result: yes
configure:5302: checking for strtol
configure:5302: gcc -o conftest -g -O2   conftest.c  >&5
configure:5302: $? = 0
configure:5302: result: yes
configure:5302: checking for strtoul
configure:5302: gcc -o conftest -g -O2   conftest.c  >&5
configure:5302: $? = 0
configure:5302: result: yes
configure:5423: checking that generated files are newer than configure
configure:5429: result: done
configure:5456: creating ./config.status

## ---------------- ##
## Cache variables. ##
## ---------------- ##

ac_cv_c_compiler_gnu=yes
ac_cv_c_inline=inline
ac_cv_c_uint16_t=yes
ac_cv_cxx_compiler_gnu=yes
ac_cv_env_CCC_set=
ac_cv_env_CCC_value=
ac_cv_env_CC_set=
ac_cv_env_CC_value=
ac_cv_env_CFLAGS_set=
ac_cv_env_CFLAGS_value=
ac_cv_env_CPPFLAGS_set=
ac_cv_env_CPPFLAGS_value=
ac_cv_env_CPP_set=
ac_cv_env_CPP_value=
ac_cv_env_CXXFLAGS_set=
ac_cv_env_CXXFLAGS_value=
ac_cv_env_CXX_set=
ac_cv_env_CXX_value=
ac_cv_env_LDFLAGS_set=
ac_cv_env_LDFLAGS_value=
ac_cv_env_LIBS_set=
ac_cv_env_LIBS_value=
ac_cv_env_build_alias_set=
ac_cv_env_build_alias_value=
ac_cv_env_host_alias_set=
ac_cv_env_host_alias_value=
ac_cv_env_target_alias_set=
ac_cv_env_target_alias_value=
ac_cv_func_dup2=yes
ac_cv_func_fork=yes
ac_cv_func_fork_works=yes
ac_cv_func_gethostbyaddr=yes
ac_cv_func_gethostbyname=yes
ac_cv_func_gettimeofday=yes
ac_cv_func_inet_ntoa=yes
ac_cv_func_malloc_0_nonnull=yes
ac_cv_func_memset=yes
ac_cv_func_realloc_0_nonnull=yes
ac_cv_func_select=yes
ac_cv_func_socket=yes
ac_cv_func_strchr=yes
ac_cv_func_strerror=yes
ac_cv_func_strtol=yes
ac_cv_func_strtoul=yes
ac_cv_func_vfork=yes
ac_cv_func_vfork_works=yes
ac_cv_header_arpa_inet_h=yes
ac_cv_header_fcntl_h=yes
ac_cv_header_inttypes_h=yes
ac_cv_header_memory_h=yes
ac_cv_header_netdb_h=yes
ac_cv_header_netinet_in_h=yes
ac_cv_header_stdbool_h=yes
ac_cv_header_stdc=yes
ac_cv_header_stdint_h=yes
ac_cv_header_stdlib_h=yes
ac_cv_header_string_h=yes
ac_cv_header_strings_h=yes
ac_cv_header_sys_file_h=yes
ac_cv_header_sys_ioctl_h=yes
ac_cv_header_sys_param_h=yes
ac_cv_header_sys_socket_h=yes
ac_cv_header_sys_stat_h=yes
ac_cv_header_sys_time_h=yes
ac_cv_header_sys_types_h=yes
ac_cv_header_unistd_h=yes
ac_cv_header_vfork_h=no
ac_cv_lib_qmfconsole_main=no
ac_cv_lib_qpidclient_main=no
ac_cv_lib_qpidcommon_main=no
ac_cv_lib_qpidmessaging_main=no
ac_cv_lib_qpidtypes_main=no
ac_cv_objext=o
ac_cv_path_EGREP='/usr/bin/grep -E'
ac_cv_path_GREP=/usr/bin/grep
ac_cv_path_install='/usr/bin/install -c'
ac_cv_prog_AWK=awk
ac_cv_prog_CPP='gcc -E'
ac_cv_prog_ac_ct_CC=gcc
ac_cv_prog_ac_ct_CXX=g++
ac_cv_prog_cc_c89=
ac_cv_prog_cc_g=yes
ac_cv_prog_cxx_g=yes
ac_cv_prog_make_make_set=yes
ac_cv_type__Bool=yes
ac_cv_type_pid_t=yes
am_cv_CC_dependencies_compiler_type=gcc3
am_cv_CXX_dependencies_compiler_type=gcc3

## ----------------- ##
## Output variables. ##
## ----------------- ##

ACLOCAL='${SHELL} /Users/cshih/notes/SoftwareProjects/qpidrecovery_ossf/src/missing --run aclocal-1.12'
AMDEPBACKSLASH='\'
AMDEP_FALSE='#'
AMDEP_TRUE=''
AMTAR='$${TAR-tar}'
AUTOCONF='${SHELL} /Users/cshih/notes/SoftwareProjects/qpidrecovery_ossf/src/missing --run autoconf'
AUTOHEADER='${SHELL} /Users/cshih/notes/SoftwareProjects/qpidrecovery_ossf/src/missing --run autoheader'
AUTOMAKE='${SHELL} /Users/cshih/notes/SoftwareProjects/qpidrecovery_ossf/src/missing --run automake-1.12'
AWK='awk'
CC='gcc'
CCDEPMODE='depmode=gcc3'
CFLAGS='-g -O2'
CPP='gcc -E'
CPPFLAGS=''
CXX='g++'
CXXDEPMODE='depmode=gcc3'
CXXFLAGS='-g -O2'
CYGPATH_W='echo'
DEFS='-DHAVE_CONFIG_H'
DEPDIR='.deps'
ECHO_C='\c'
ECHO_N=''
ECHO_T=''
EGREP='/usr/bin/grep -E'
EXEEXT=''
GREP='/usr/bin/grep'
INSTALL_DATA='${INSTALL} -m 644'
INSTALL_PROGRAM='${INSTALL}'
INSTALL_SCRIPT='${INSTALL}'
INSTALL_STRIP_PROGRAM='$(install_sh) -c -s'
LDFLAGS=''
LIBOBJS=''
LIBS=''
LTLIBOBJS=''
MAKEINFO='${SHELL} /Users/cshih/notes/SoftwareProjects/qpidrecovery_ossf/src/missing --run makeinfo'
MKDIR_P='./install-sh -c -d'
OBJEXT='o'
PACKAGE='qpidrecovery'
PACKAGE_BUGREPORT='BUG-REPORT-ADDRESS'
PACKAGE_NAME='FULL-PACKAGE-NAME'
PACKAGE_STRING='FULL-PACKAGE-NAME VERSION'
PACKAGE_TARNAME='full-package-name'
PACKAGE_URL=''
PACKAGE_VERSION='VERSION'
PATH_SEPARATOR=':'
SET_MAKE=''
SHELL='/bin/sh'
STRIP=''
VERSION='0.0'
ac_ct_CC='gcc'
ac_ct_CXX='g++'
am__EXEEXT_FALSE=''
am__EXEEXT_TRUE='#'
am__fastdepCC_FALSE='#'
am__fastdepCC_TRUE=''
am__fastdepCXX_FALSE='#'
am__fastdepCXX_TRUE=''
am__include='include'
am__isrc=''
am__leading_dot='.'
am__nodep='_no'
am__quote=''
am__tar='$${TAR-tar} chof - "$$tardir"'
am__untar='$${TAR-tar} xf -'
bindir='${exec_prefix}/bin'
build_alias=''
datadir='${datarootdir}'
datarootdir='${prefix}/share'
docdir='${datarootdir}/doc/${PACKAGE_TARNAME}'
dvidir='${docdir}'
exec_prefix='${prefix}'
host_alias=''
htmldir='${docdir}'
includedir='${prefix}/include'
infodir='${datarootdir}/info'
install_sh='${SHELL} /Users/cshih/notes/SoftwareProjects/qpidrecovery_ossf/src/install-sh'
libdir='${exec_prefix}/lib'
libexecdir='${exec_prefix}/libexec'
localedir='${datarootdir}/locale'
localstatedir='${prefix}/var'
mandir='${datarootdir}/man'
mkdir_p='./install-sh -c -d'
oldincludedir='/usr/include'
pdfdir='${docdir}'
prefix='/usr/local'
program_transform_name='s,x,x,'
psdir='${docdir}'
sbindir='${exec_prefix}/sbin'
sharedstatedir='${prefix}/com'
sysconfdir='${prefix}/etc'
target_alias=''

## ----------- ##
## confdefs.h. ##
## ----------- ##

/* confdefs.h */
#define PACKAGE_NAME "FULL-PACKAGE-NAME"
#define PACKAGE_TARNAME "full-package-name"
#define PACKAGE_VERSION "VERSION"
#define PACKAGE_STRING "FULL-PACKAGE-NAME VERSION"
#define PACKAGE_BUGREPORT "BUG-REPORT-ADDRESS"
#define PACKAGE_URL ""
#define PACKAGE "qpidrecovery"
#define VERSION "0.0"
#define STDC_HEADERS 1
#define HAVE_SYS_TYPES_H 1
#define HAVE_SYS_STAT_H 1
#define HAVE_STDLIB_H 1
#define HAVE_STRING_H 1
#define HAVE_MEMORY_H 1
#define HAVE_STRINGS_H 1
#define HAVE_INTTYPES_H 1
#define HAVE_STDINT_H 1
#define HAVE_UNISTD_H 1
#define HAVE_ARPA_INET_H 1
#define HAVE_FCNTL_H 1
#define HAVE_MEMORY_H 1
#define HAVE_NETDB_H 1
#define HAVE_NETINET_IN_H 1
#define HAVE_STDLIB_H 1
#define HAVE_STRING_H 1
#define HAVE_SYS_FILE_H 1
#define HAVE_SYS_IOCTL_H 1
#define HAVE_SYS_PARAM_H 1
#define HAVE_SYS_SOCKET_H 1
#define HAVE_SYS_TIME_H 1
#define HAVE_UNISTD_H 1
#define HAVE__BOOL 1
#define HAVE_FORK 1
#define HAVE_VFORK 1
#define HAVE_WORKING_VFORK 1
#define HAVE_WORKING_FORK 1
#define HAVE_STDLIB_H 1
#define HAVE_MALLOC 1
#define HAVE_STDLIB_H 1
#define HAVE_REALLOC 1
#define HAVE_DUP2 1
#define HAVE_GETHOSTBYADDR 1
#define HAVE_GETHOSTBYNAME 1
#define HAVE_GETTIMEOFDAY 1
#define HAVE_INET_NTOA 1
#define HAVE_MEMSET 1
#define HAVE_SELECT 1
#define HAVE_SOCKET 1
#define HAVE_STRCHR 1
#define HAVE_STRERROR 1
#define HAVE_STRTOL 1
#define HAVE_STRTOUL 1

configure: exit 0

## ---------------------- ##
## Running config.status. ##
## ---------------------- ##

This file was extended by FULL-PACKAGE-NAME config.status VERSION, which was
generated by GNU Autoconf 2.69.  Invocation command line was

  CONFIG_FILES    = 
  CONFIG_HEADERS  = 
  CONFIG_LINKS    = 
  CONFIG_COMMANDS = 
  $ ./config.status 

on oris.csie.ntu.edu.tw

config.status:888: creating Makefile
config.status:888: creating config.h
config.status:1069: config.h is unchanged
config.status:1117: executing depfiles commands
